<?xml version="1.0" encoding="UTF-8"?>
<testng-results ignored="0" total="1" passed="1" failed="0" skipped="0">
  <reporter-output>
  </reporter-output>
  <suite started-at="2023-05-19T22:55:17 AST" name="Default suite" finished-at="2023-05-19T22:55:39 AST" duration-ms="22011">
    <groups>
    </groups>
    <test started-at="2023-05-19T22:55:17 AST" name="Default test" finished-at="2023-05-19T22:55:39 AST" duration-ms="22011">
      <class name="MyTestCaseLUMA">
        <test-method is-config="true" signature="MyBeforeTest()[pri:0, instance:MyTestCaseLUMA@241a0c3a]" started-at="2023-05-19T22:55:17 AST" name="MyBeforeTest" finished-at="2023-05-19T22:55:29 AST" duration-ms="11654" status="PASS">
          <reporter-output>
          </reporter-output>
        </test-method> <!-- MyBeforeTest -->
        <test-method signature="Add_Items()[pri:1, instance:MyTestCaseLUMA@241a0c3a]" started-at="2023-05-19T22:55:29 AST" name="Add_Items" description="number 1" finished-at="2023-05-19T22:55:39 AST" duration-ms="10184" status="PASS">
          <reporter-output>
          </reporter-output>
        </test-method> <!-- Add_Items -->
      </class> <!-- MyTestCaseLUMA -->
    </test> <!-- Default test -->
  </suite> <!-- Default suite -->
</testng-results>
